<?xml version="1.0" encoding="UTF-8"?>
<!-- Generated by org.testng.reporters.JUnitXMLReporter -->
<testsuite ignored="0" hostname="WKWZTCqljmj6AVq" failures="1" tests="1" name="Default test" time="7.37" errors="0" timestamp="2024-01-28T22:41:08 IST">
  <testcase classname="accessbilityTest.Flipkart" name="flipkartTest" time="2.311">
    <failure type="java.lang.AssertionError" message="Found 9 accessibility violations:
1) Elements must have sufficient color contrast: https://dequeuniversity.com/rules/axe/3.5/color-contrast?application=axeAPI
  a) [&amp;quot;.css-901oao&amp;quot;]
    Fix any of the following:
      Element has insufficient color contrast of 3.2 (foreground color: #878787, background color: #f1f2f4, font size: 10.5pt (14px), font weight: normal). Expected contrast ratio of 4.5:1


  b) [&amp;quot;._1o2Zk0 &amp;gt; div&amp;quot;]
    Fix any of the following:
      Element has insufficient color contrast of 3.29 (foreground color: #878787, background color: #f5f5f5, font size: 9.0pt (12px), font weight: normal). Expected contrast ratio of 4.5:1


  c) [&amp;quot;h1&amp;quot;]
    Fix any of the following:
      Element has insufficient color contrast of 3.29 (foreground color: #878787, background color: #f5f5f5, font size: 12.0pt (16px), font weight: bold). Expected contrast ratio of 4.5:1


  d) [&amp;quot;h2:nth-child(6)&amp;quot;]
    Fix any of the following:
      Element has insufficient color contrast of 3.29 (foreground color: #878787, background color: #f5f5f5, font size: 10.5pt (14px), font weight: bold). Expected contrast ratio of 4.5:1


  e) [&amp;quot;h2:nth-child(16)&amp;quot;]
    Fix any of the following:
      Element has insufficient color contrast of 3.29 (foreground color: #878787, background color: #f5f5f5, font size: 10.5pt (14px), font weight: bold). Expected contrast ratio of 4.5:1


  f) [&amp;quot;h2:nth-child(19)&amp;quot;]
    Fix any of the following:
      Element has insufficient color contrast of 3.29 (foreground color: #878787, background color: #f5f5f5, font size: 10.5pt (14px), font weight: bold). Expected contrast ratio of 4.5:1


  g) [&amp;quot;h2:nth-child(22)&amp;quot;]
    Fix any of the following:
      Element has insufficient color contrast of 3.29 (foreground color: #878787, background color: #f5f5f5, font size: 10.5pt (14px), font weight: bold). Expected contrast ratio of 4.5:1


  h) [&amp;quot;h2:nth-child(25)&amp;quot;]
    Fix any of the following:
      Element has insufficient color contrast of 3.29 (foreground color: #878787, background color: #f5f5f5, font size: 10.5pt (14px), font weight: bold). Expected contrast ratio of 4.5:1


  i) [&amp;quot;h2:nth-child(26)&amp;quot;]
    Fix any of the following:
      Element has insufficient color contrast of 3.29 (foreground color: #878787, background color: #f5f5f5, font size: 10.5pt (14px), font weight: bold). Expected contrast ratio of 4.5:1


  j) [&amp;quot;b:nth-child(27)&amp;quot;]
    Fix any of the following:
      Element has insufficient color contrast of 3.29 (foreground color: #878787, background color: #f5f5f5, font size: 9.0pt (12px), font weight: bold). Expected contrast ratio of 4.5:1


  k) [&amp;quot;h2:nth-child(30)&amp;quot;]
    Fix any of the following:
      Element has insufficient color contrast of 3.29 (foreground color: #878787, background color: #f5f5f5, font size: 10.5pt (14px), font weight: bold). Expected contrast ratio of 4.5:1


  l) [&amp;quot;b:nth-child(31)&amp;quot;]
    Fix any of the following:
      Element has insufficient color contrast of 3.29 (foreground color: #878787, background color: #f5f5f5, font size: 9.0pt (12px), font weight: bold). Expected contrast ratio of 4.5:1


  m) [&amp;quot;h2:nth-child(40)&amp;quot;]
    Fix any of the following:
      Element has insufficient color contrast of 3.29 (foreground color: #878787, background color: #f5f5f5, font size: 10.5pt (14px), font weight: bold). Expected contrast ratio of 4.5:1


  n) [&amp;quot;b:nth-child(41)&amp;quot;]
    Fix any of the following:
      Element has insufficient color contrast of 3.29 (foreground color: #878787, background color: #f5f5f5, font size: 9.0pt (12px), font weight: bold). Expected contrast ratio of 4.5:1


  o) [&amp;quot;._1o2Zk0 &amp;gt; div &amp;gt; a&amp;quot;]
    Fix any of the following:
      Element has insufficient color contrast of 3.97 (foreground color: #2874f0, background color: #f5f5f5, font size: 9.0pt (12px), font weight: normal). Expected contrast ratio of 4.5:1


  p) [&amp;quot;h2:nth-child(47)&amp;quot;]
    Fix any of the following:
      Element has insufficient color contrast of 3.29 (foreground color: #878787, background color: #f5f5f5, font size: 10.5pt (14px), font weight: bold). Expected contrast ratio of 4.5:1


  q) [&amp;quot;h2:nth-child(50)&amp;quot;]
    Fix any of the following:
      Element has insufficient color contrast of 3.29 (foreground color: #878787, background color: #f5f5f5, font size: 10.5pt (14px), font weight: bold). Expected contrast ratio of 4.5:1


  r) [&amp;quot;b:nth-child(51)&amp;quot;]
    Fix any of the following:
      Element has insufficient color contrast of 3.29 (foreground color: #878787, background color: #f5f5f5, font size: 9.0pt (12px), font weight: bold). Expected contrast ratio of 4.5:1


  s) [&amp;quot;h2:nth-child(54)&amp;quot;]
    Fix any of the following:
      Element has insufficient color contrast of 3.29 (foreground color: #878787, background color: #f5f5f5, font size: 10.5pt (14px), font weight: bold). Expected contrast ratio of 4.5:1


  t) [&amp;quot;b:nth-child(55)&amp;quot;]
    Fix any of the following:
      Element has insufficient color contrast of 3.29 (foreground color: #878787, background color: #f5f5f5, font size: 9.0pt (12px), font weight: bold). Expected contrast ratio of 4.5:1


  u) [&amp;quot;b:nth-child(56)&amp;quot;]
    Fix any of the following:
      Element has insufficient color contrast of 3.29 (foreground color: #878787, background color: #f5f5f5, font size: 9.0pt (12px), font weight: bold). Expected contrast ratio of 4.5:1


  v) [&amp;quot;h2:nth-child(61)&amp;quot;]
    Fix any of the following:
      Element has insufficient color contrast of 3.29 (foreground color: #878787, background color: #f5f5f5, font size: 10.5pt (14px), font weight: bold). Expected contrast ratio of 4.5:1


  w) [&amp;quot;h2:nth-child(64)&amp;quot;]
    Fix any of the following:
      Element has insufficient color contrast of 3.29 (foreground color: #878787, background color: #f5f5f5, font size: 10.5pt (14px), font weight: bold). Expected contrast ratio of 4.5:1


  x) [&amp;quot;h2:nth-child(67)&amp;quot;]
    Fix any of the following:
      Element has insufficient color contrast of 3.29 (foreground color: #878787, background color: #f5f5f5, font size: 10.5pt (14px), font weight: bold). Expected contrast ratio of 4.5:1


  y) [&amp;quot;b:nth-child(68)&amp;quot;]
    Fix any of the following:
      Element has insufficient color contrast of 3.29 (foreground color: #878787, background color: #f5f5f5, font size: 9.0pt (12px), font weight: bold). Expected contrast ratio of 4.5:1


  z) [&amp;quot;b:nth-child(69)&amp;quot;]
    Fix any of the following:
      Element has insufficient color contrast of 3.29 (foreground color: #878787, background color: #f5f5f5, font size: 9.0pt (12px), font weight: bold). Expected contrast ratio of 4.5:1


  aa) [&amp;quot;div:nth-child(1) &amp;gt; ._3I5N7v&amp;quot;]
    Fix any of the following:
      Element has insufficient color contrast of 4.48 (foreground color: #878787, background color: #212121, font size: 9.0pt (12px), font weight: normal). Expected contrast ratio of 4.5:1


  ab) [&amp;quot;div:nth-child(2) &amp;gt; ._3I5N7v&amp;quot;]
    Fix any of the following:
      Element has insufficient color contrast of 4.48 (foreground color: #878787, background color: #212121, font size: 9.0pt (12px), font weight: normal). Expected contrast ratio of 4.5:1


  ac) [&amp;quot;div:nth-child(3) &amp;gt; ._3I5N7v&amp;quot;]
    Fix any of the following:
      Element has insufficient color contrast of 4.48 (foreground color: #878787, background color: #212121, font size: 9.0pt (12px), font weight: normal). Expected contrast ratio of 4.5:1


  ad) [&amp;quot;div:nth-child(4) &amp;gt; ._3I5N7v&amp;quot;]
    Fix any of the following:
      Element has insufficient color contrast of 4.48 (foreground color: #878787, background color: #212121, font size: 9.0pt (12px), font weight: normal). Expected contrast ratio of 4.5:1


  ae) [&amp;quot;.btl4ck &amp;gt; ._3I5N7v&amp;quot;]
    Fix any of the following:
      Element has insufficient color contrast of 4.48 (foreground color: #878787, background color: #212121, font size: 9.0pt (12px), font weight: normal). Expected contrast ratio of 4.5:1


  af) [&amp;quot;.MkhHNl:nth-child(6) &amp;gt; ._3I5N7v&amp;quot;]
    Fix any of the following:
      Element has insufficient color contrast of 4.48 (foreground color: #878787, background color: #212121, font size: 9.0pt (12px), font weight: normal). Expected contrast ratio of 4.5:1


  ag) [&amp;quot;a[href=\&amp;quot;tel\\:044-45614700\&amp;quot;]&amp;quot;]
    Fix any of the following:
      Element has insufficient color contrast of 3.71 (foreground color: #2874f0, background color: #212121, font size: 9.0pt (12px), font weight: normal). Expected contrast ratio of 4.5:1


2) id attribute value must be unique: https://dequeuniversity.com/rules/axe/3.5/duplicate-id?application=axeAPI
  a) [&amp;quot;._8S67Ib[data-clone=\&amp;quot;true\&amp;quot;]:nth-child(1)&amp;quot;]
    Fix any of the following:
      Document has multiple static elements with the same id attribute


  b) [&amp;quot;._8S67Ib[data-clone=\&amp;quot;false\&amp;quot;]:nth-child(2)&amp;quot;]
    Fix any of the following:
      Document has multiple static elements with the same id attribute


3) Alternative text of images should not be repeated as text: https://dequeuniversity.com/rules/axe/3.5/image-redundant-alt?application=axeAPI
  a) [&amp;quot;.L_FVxe&amp;quot;]
    Fix all of the following:
      Element contains &amp;lt;img&amp;gt; element with alt text that duplicates existing text


  b) [&amp;quot;img[alt=\&amp;quot;Grocery\&amp;quot;]&amp;quot;]
    Fix all of the following:
      Element contains &amp;lt;img&amp;gt; element with alt text that duplicates existing text


  c) [&amp;quot;img[alt=\&amp;quot;Mobiles\&amp;quot;]&amp;quot;]
    Fix all of the following:
      Element contains &amp;lt;img&amp;gt; element with alt text that duplicates existing text


  d) [&amp;quot;img[alt=\&amp;quot;Appliances\&amp;quot;]&amp;quot;]
    Fix all of the following:
      Element contains &amp;lt;img&amp;gt; element with alt text that duplicates existing text


  e) [&amp;quot;img[alt=\&amp;quot;Travel\&amp;quot;]&amp;quot;]
    Fix all of the following:
      Element contains &amp;lt;img&amp;gt; element with alt text that duplicates existing text


4) Form elements should have a visible label: https://dequeuniversity.com/rules/axe/3.5/label-title-only?application=axeAPI
  a) [&amp;quot;.Pke_EE&amp;quot;]
    Fix all of the following:
      Only title used to generate label for form element


5) Document must not have more than one contentinfo landmark: https://dequeuniversity.com/rules/axe/3.5/landmark-no-duplicate-contentinfo?application=axeAPI
  a) [&amp;quot;.TKplD7&amp;quot;]
    Fix any of the following:
      Document has more than one contentinfo landmark


6) Document must have one main landmark: https://dequeuniversity.com/rules/axe/3.5/landmark-one-main?application=axeAPI
  a) [&amp;quot;html&amp;quot;]
    Fix all of the following:
      Document does not have a main landmark


7) Ensures landmarks are unique: https://dequeuniversity.com/rules/axe/3.5/landmark-unique?application=axeAPI
  a) [&amp;quot;.TKplD7&amp;quot;]
    Fix any of the following:
      The landmark must have a unique aria-label, aria-labelledby, or title to make landmarks distinguishable


8) Zooming and scaling must not be disabled: https://dequeuniversity.com/rules/axe/3.5/meta-viewport?application=axeAPI
  a) [&amp;quot;meta[name=\&amp;quot;viewport\&amp;quot;]&amp;quot;]
    Fix any of the following:
      user-scalable=no on &amp;lt;meta&amp;gt; tag disables zooming on mobile devices


9) All page content must be contained by landmarks: https://dequeuniversity.com/rules/axe/3.5/region?application=axeAPI
  a) [&amp;quot;._2y8Yzt._2UnIQ_._3ak8Rd:nth-child(1)&amp;quot;]
    Fix any of the following:
      Some page content is not contained by landmarks


  b) [&amp;quot;._3bzdSa&amp;quot;]
    Fix any of the following:
      Some page content is not contained by landmarks


  c) [&amp;quot;._1kAmyc &amp;gt; div &amp;gt; .r-14lw9ot.r-eqz5dr.r-13awgt0 &amp;gt; div &amp;gt; div &amp;gt; ._1i2djt0._3n8fnamv._3n8fnaf9 &amp;gt; ._3n8fnamv._3n8fnaf9._3n8fna1&amp;quot;]
    Fix any of the following:
      Some page content is not contained by landmarks


  d) [&amp;quot;._1kAmyc &amp;gt; div &amp;gt; .r-14lw9ot.r-eqz5dr.r-13awgt0 &amp;gt; div &amp;gt; div &amp;gt; ._1i2djt0._3n8fnamv._3n8fnaf9 &amp;gt; div &amp;gt; .css-1dbjc4n &amp;gt; ._3MlEpv &amp;gt; .tLbyDf&amp;quot;]
    Fix any of the following:
      Some page content is not contained by landmarks


  e) [&amp;quot;._2y8Yzt._2UnIQ_._3ak8Rd:nth-child(5) &amp;gt; div &amp;gt; .r-14lw9ot.r-eqz5dr.r-13awgt0 &amp;gt; div &amp;gt; div &amp;gt; ._1i2djt0._3n8fnamv._3n8fnaf9 &amp;gt; ._3n8fnamv._3n8fnaf9._3n8fna1&amp;quot;]
    Fix any of the following:
      Some page content is not contained by landmarks


  f) [&amp;quot;._2y8Yzt._2UnIQ_._3ak8Rd:nth-child(5) &amp;gt; div &amp;gt; .r-14lw9ot.r-eqz5dr.r-13awgt0 &amp;gt; div &amp;gt; div &amp;gt; ._1i2djt0._3n8fnamv._3n8fnaf9 &amp;gt; div &amp;gt; .css-1dbjc4n &amp;gt; ._3MlEpv &amp;gt; .tLbyDf&amp;quot;]
    Fix any of the following:
      Some page content is not contained by landmarks


  g) [&amp;quot;._1zHMUC&amp;quot;]
    Fix any of the following:
      Some page content is not contained by landmarks


  h) [&amp;quot;.r-1ljj7th&amp;quot;]
    Fix any of the following:
      Some page content is not contained by landmarks


  i) [&amp;quot;.r-1iqfa7g.r-60vfwk.r-13awgt0 &amp;gt; div:nth-child(2)&amp;quot;]
    Fix any of the following:
      Some page content is not contained by landmarks

 expected [true] but found [false]">
      <![CDATA[java.lang.AssertionError: Found 9 accessibility violations:
1) Elements must have sufficient color contrast: https://dequeuniversity.com/rules/axe/3.5/color-contrast?application=axeAPI
  a) [".css-901oao"]
    Fix any of the following:
      Element has insufficient color contrast of 3.2 (foreground color: #878787, background color: #f1f2f4, font size: 10.5pt (14px), font weight: normal). Expected contrast ratio of 4.5:1


  b) ["._1o2Zk0 > div"]
    Fix any of the following:
      Element has insufficient color contrast of 3.29 (foreground color: #878787, background color: #f5f5f5, font size: 9.0pt (12px), font weight: normal). Expected contrast ratio of 4.5:1


  c) ["h1"]
    Fix any of the following:
      Element has insufficient color contrast of 3.29 (foreground color: #878787, background color: #f5f5f5, font size: 12.0pt (16px), font weight: bold). Expected contrast ratio of 4.5:1


  d) ["h2:nth-child(6)"]
    Fix any of the following:
      Element has insufficient color contrast of 3.29 (foreground color: #878787, background color: #f5f5f5, font size: 10.5pt (14px), font weight: bold). Expected contrast ratio of 4.5:1


  e) ["h2:nth-child(16)"]
    Fix any of the following:
      Element has insufficient color contrast of 3.29 (foreground color: #878787, background color: #f5f5f5, font size: 10.5pt (14px), font weight: bold). Expected contrast ratio of 4.5:1


  f) ["h2:nth-child(19)"]
    Fix any of the following:
      Element has insufficient color contrast of 3.29 (foreground color: #878787, background color: #f5f5f5, font size: 10.5pt (14px), font weight: bold). Expected contrast ratio of 4.5:1


  g) ["h2:nth-child(22)"]
    Fix any of the following:
      Element has insufficient color contrast of 3.29 (foreground color: #878787, background color: #f5f5f5, font size: 10.5pt (14px), font weight: bold). Expected contrast ratio of 4.5:1


  h) ["h2:nth-child(25)"]
    Fix any of the following:
      Element has insufficient color contrast of 3.29 (foreground color: #878787, background color: #f5f5f5, font size: 10.5pt (14px), font weight: bold). Expected contrast ratio of 4.5:1


  i) ["h2:nth-child(26)"]
    Fix any of the following:
      Element has insufficient color contrast of 3.29 (foreground color: #878787, background color: #f5f5f5, font size: 10.5pt (14px), font weight: bold). Expected contrast ratio of 4.5:1


  j) ["b:nth-child(27)"]
    Fix any of the following:
      Element has insufficient color contrast of 3.29 (foreground color: #878787, background color: #f5f5f5, font size: 9.0pt (12px), font weight: bold). Expected contrast ratio of 4.5:1


  k) ["h2:nth-child(30)"]
    Fix any of the following:
      Element has insufficient color contrast of 3.29 (foreground color: #878787, background color: #f5f5f5, font size: 10.5pt (14px), font weight: bold). Expected contrast ratio of 4.5:1


  l) ["b:nth-child(31)"]
    Fix any of the following:
      Element has insufficient color contrast of 3.29 (foreground color: #878787, background color: #f5f5f5, font size: 9.0pt (12px), font weight: bold). Expected contrast ratio of 4.5:1


  m) ["h2:nth-child(40)"]
    Fix any of the following:
      Element has insufficient color contrast of 3.29 (foreground color: #878787, background color: #f5f5f5, font size: 10.5pt (14px), font weight: bold). Expected contrast ratio of 4.5:1


  n) ["b:nth-child(41)"]
    Fix any of the following:
      Element has insufficient color contrast of 3.29 (foreground color: #878787, background color: #f5f5f5, font size: 9.0pt (12px), font weight: bold). Expected contrast ratio of 4.5:1


  o) ["._1o2Zk0 > div > a"]
    Fix any of the following:
      Element has insufficient color contrast of 3.97 (foreground color: #2874f0, background color: #f5f5f5, font size: 9.0pt (12px), font weight: normal). Expected contrast ratio of 4.5:1


  p) ["h2:nth-child(47)"]
    Fix any of the following:
      Element has insufficient color contrast of 3.29 (foreground color: #878787, background color: #f5f5f5, font size: 10.5pt (14px), font weight: bold). Expected contrast ratio of 4.5:1


  q) ["h2:nth-child(50)"]
    Fix any of the following:
      Element has insufficient color contrast of 3.29 (foreground color: #878787, background color: #f5f5f5, font size: 10.5pt (14px), font weight: bold). Expected contrast ratio of 4.5:1


  r) ["b:nth-child(51)"]
    Fix any of the following:
      Element has insufficient color contrast of 3.29 (foreground color: #878787, background color: #f5f5f5, font size: 9.0pt (12px), font weight: bold). Expected contrast ratio of 4.5:1


  s) ["h2:nth-child(54)"]
    Fix any of the following:
      Element has insufficient color contrast of 3.29 (foreground color: #878787, background color: #f5f5f5, font size: 10.5pt (14px), font weight: bold). Expected contrast ratio of 4.5:1


  t) ["b:nth-child(55)"]
    Fix any of the following:
      Element has insufficient color contrast of 3.29 (foreground color: #878787, background color: #f5f5f5, font size: 9.0pt (12px), font weight: bold). Expected contrast ratio of 4.5:1


  u) ["b:nth-child(56)"]
    Fix any of the following:
      Element has insufficient color contrast of 3.29 (foreground color: #878787, background color: #f5f5f5, font size: 9.0pt (12px), font weight: bold). Expected contrast ratio of 4.5:1


  v) ["h2:nth-child(61)"]
    Fix any of the following:
      Element has insufficient color contrast of 3.29 (foreground color: #878787, background color: #f5f5f5, font size: 10.5pt (14px), font weight: bold). Expected contrast ratio of 4.5:1


  w) ["h2:nth-child(64)"]
    Fix any of the following:
      Element has insufficient color contrast of 3.29 (foreground color: #878787, background color: #f5f5f5, font size: 10.5pt (14px), font weight: bold). Expected contrast ratio of 4.5:1


  x) ["h2:nth-child(67)"]
    Fix any of the following:
      Element has insufficient color contrast of 3.29 (foreground color: #878787, background color: #f5f5f5, font size: 10.5pt (14px), font weight: bold). Expected contrast ratio of 4.5:1


  y) ["b:nth-child(68)"]
    Fix any of the following:
      Element has insufficient color contrast of 3.29 (foreground color: #878787, background color: #f5f5f5, font size: 9.0pt (12px), font weight: bold). Expected contrast ratio of 4.5:1


  z) ["b:nth-child(69)"]
    Fix any of the following:
      Element has insufficient color contrast of 3.29 (foreground color: #878787, background color: #f5f5f5, font size: 9.0pt (12px), font weight: bold). Expected contrast ratio of 4.5:1


  aa) ["div:nth-child(1) > ._3I5N7v"]
    Fix any of the following:
      Element has insufficient color contrast of 4.48 (foreground color: #878787, background color: #212121, font size: 9.0pt (12px), font weight: normal). Expected contrast ratio of 4.5:1


  ab) ["div:nth-child(2) > ._3I5N7v"]
    Fix any of the following:
      Element has insufficient color contrast of 4.48 (foreground color: #878787, background color: #212121, font size: 9.0pt (12px), font weight: normal). Expected contrast ratio of 4.5:1


  ac) ["div:nth-child(3) > ._3I5N7v"]
    Fix any of the following:
      Element has insufficient color contrast of 4.48 (foreground color: #878787, background color: #212121, font size: 9.0pt (12px), font weight: normal). Expected contrast ratio of 4.5:1


  ad) ["div:nth-child(4) > ._3I5N7v"]
    Fix any of the following:
      Element has insufficient color contrast of 4.48 (foreground color: #878787, background color: #212121, font size: 9.0pt (12px), font weight: normal). Expected contrast ratio of 4.5:1


  ae) [".btl4ck > ._3I5N7v"]
    Fix any of the following:
      Element has insufficient color contrast of 4.48 (foreground color: #878787, background color: #212121, font size: 9.0pt (12px), font weight: normal). Expected contrast ratio of 4.5:1


  af) [".MkhHNl:nth-child(6) > ._3I5N7v"]
    Fix any of the following:
      Element has insufficient color contrast of 4.48 (foreground color: #878787, background color: #212121, font size: 9.0pt (12px), font weight: normal). Expected contrast ratio of 4.5:1


  ag) ["a[href=\"tel\\:044-45614700\"]"]
    Fix any of the following:
      Element has insufficient color contrast of 3.71 (foreground color: #2874f0, background color: #212121, font size: 9.0pt (12px), font weight: normal). Expected contrast ratio of 4.5:1


2) id attribute value must be unique: https://dequeuniversity.com/rules/axe/3.5/duplicate-id?application=axeAPI
  a) ["._8S67Ib[data-clone=\"true\"]:nth-child(1)"]
    Fix any of the following:
      Document has multiple static elements with the same id attribute


  b) ["._8S67Ib[data-clone=\"false\"]:nth-child(2)"]
    Fix any of the following:
      Document has multiple static elements with the same id attribute


3) Alternative text of images should not be repeated as text: https://dequeuniversity.com/rules/axe/3.5/image-redundant-alt?application=axeAPI
  a) [".L_FVxe"]
    Fix all of the following:
      Element contains <img> element with alt text that duplicates existing text


  b) ["img[alt=\"Grocery\"]"]
    Fix all of the following:
      Element contains <img> element with alt text that duplicates existing text


  c) ["img[alt=\"Mobiles\"]"]
    Fix all of the following:
      Element contains <img> element with alt text that duplicates existing text


  d) ["img[alt=\"Appliances\"]"]
    Fix all of the following:
      Element contains <img> element with alt text that duplicates existing text


  e) ["img[alt=\"Travel\"]"]
    Fix all of the following:
      Element contains <img> element with alt text that duplicates existing text


4) Form elements should have a visible label: https://dequeuniversity.com/rules/axe/3.5/label-title-only?application=axeAPI
  a) [".Pke_EE"]
    Fix all of the following:
      Only title used to generate label for form element


5) Document must not have more than one contentinfo landmark: https://dequeuniversity.com/rules/axe/3.5/landmark-no-duplicate-contentinfo?application=axeAPI
  a) [".TKplD7"]
    Fix any of the following:
      Document has more than one contentinfo landmark


6) Document must have one main landmark: https://dequeuniversity.com/rules/axe/3.5/landmark-one-main?application=axeAPI
  a) ["html"]
    Fix all of the following:
      Document does not have a main landmark


7) Ensures landmarks are unique: https://dequeuniversity.com/rules/axe/3.5/landmark-unique?application=axeAPI
  a) [".TKplD7"]
    Fix any of the following:
      The landmark must have a unique aria-label, aria-labelledby, or title to make landmarks distinguishable


8) Zooming and scaling must not be disabled: https://dequeuniversity.com/rules/axe/3.5/meta-viewport?application=axeAPI
  a) ["meta[name=\"viewport\"]"]
    Fix any of the following:
      user-scalable=no on <meta> tag disables zooming on mobile devices


9) All page content must be contained by landmarks: https://dequeuniversity.com/rules/axe/3.5/region?application=axeAPI
  a) ["._2y8Yzt._2UnIQ_._3ak8Rd:nth-child(1)"]
    Fix any of the following:
      Some page content is not contained by landmarks


  b) ["._3bzdSa"]
    Fix any of the following:
      Some page content is not contained by landmarks


  c) ["._1kAmyc > div > .r-14lw9ot.r-eqz5dr.r-13awgt0 > div > div > ._1i2djt0._3n8fnamv._3n8fnaf9 > ._3n8fnamv._3n8fnaf9._3n8fna1"]
    Fix any of the following:
      Some page content is not contained by landmarks


  d) ["._1kAmyc > div > .r-14lw9ot.r-eqz5dr.r-13awgt0 > div > div > ._1i2djt0._3n8fnamv._3n8fnaf9 > div > .css-1dbjc4n > ._3MlEpv > .tLbyDf"]
    Fix any of the following:
      Some page content is not contained by landmarks


  e) ["._2y8Yzt._2UnIQ_._3ak8Rd:nth-child(5) > div > .r-14lw9ot.r-eqz5dr.r-13awgt0 > div > div > ._1i2djt0._3n8fnamv._3n8fnaf9 > ._3n8fnamv._3n8fnaf9._3n8fna1"]
    Fix any of the following:
      Some page content is not contained by landmarks


  f) ["._2y8Yzt._2UnIQ_._3ak8Rd:nth-child(5) > div > .r-14lw9ot.r-eqz5dr.r-13awgt0 > div > div > ._1i2djt0._3n8fnamv._3n8fnaf9 > div > .css-1dbjc4n > ._3MlEpv > .tLbyDf"]
    Fix any of the following:
      Some page content is not contained by landmarks


  g) ["._1zHMUC"]
    Fix any of the following:
      Some page content is not contained by landmarks


  h) [".r-1ljj7th"]
    Fix any of the following:
      Some page content is not contained by landmarks


  i) [".r-1iqfa7g.r-60vfwk.r-13awgt0 > div:nth-child(2)"]
    Fix any of the following:
      Some page content is not contained by landmarks

 expected [true] but found [false]
at org.testng.Assert.fail(Assert.java:111)
at org.testng.Assert.failNotEquals(Assert.java:1578)
at org.testng.Assert.assertTrue(Assert.java:57)
at accessbilityTest.Flipkart.flipkartTest(Flipkart.java:38)
at java.base/jdk.internal.reflect.NativeMethodAccessorImpl.invoke0(Native Method)
at java.base/jdk.internal.reflect.NativeMethodAccessorImpl.invoke(NativeMethodAccessorImpl.java:62)
at java.base/jdk.internal.reflect.DelegatingMethodAccessorImpl.invoke(DelegatingMethodAccessorImpl.java:43)
at java.base/java.lang.reflect.Method.invoke(Method.java:566)
at org.testng.internal.invokers.MethodInvocationHelper.invokeMethod(MethodInvocationHelper.java:139)
at org.testng.internal.invokers.TestInvoker.invokeMethod(TestInvoker.java:664)
at org.testng.internal.invokers.TestInvoker.invokeTestMethod(TestInvoker.java:227)
at org.testng.internal.invokers.MethodRunner.runInSequence(MethodRunner.java:50)
at org.testng.internal.invokers.TestInvoker$MethodInvocationAgent.invoke(TestInvoker.java:957)
at org.testng.internal.invokers.TestInvoker.invokeTestMethods(TestInvoker.java:200)
at org.testng.internal.invokers.TestMethodWorker.invokeTestMethods(TestMethodWorker.java:148)
at org.testng.internal.invokers.TestMethodWorker.run(TestMethodWorker.java:128)
at java.base/java.util.ArrayList.forEach(ArrayList.java:1541)
at org.testng.TestRunner.privateRun(TestRunner.java:848)
at org.testng.TestRunner.run(TestRunner.java:621)
at org.testng.SuiteRunner.runTest(SuiteRunner.java:443)
at org.testng.SuiteRunner.runSequentially(SuiteRunner.java:437)
at org.testng.SuiteRunner.privateRun(SuiteRunner.java:397)
at org.testng.SuiteRunner.run(SuiteRunner.java:336)
at org.testng.SuiteRunnerWorker.runSuite(SuiteRunnerWorker.java:52)
at org.testng.SuiteRunnerWorker.run(SuiteRunnerWorker.java:95)
at org.testng.TestNG.runSuitesSequentially(TestNG.java:1280)
at org.testng.TestNG.runSuitesLocally(TestNG.java:1200)
at org.testng.TestNG.runSuites(TestNG.java:1114)
at org.testng.TestNG.run(TestNG.java:1082)
at org.testng.remote.AbstractRemoteTestNG.run(AbstractRemoteTestNG.java:115)
at org.testng.remote.RemoteTestNG.initAndRun(RemoteTestNG.java:251)
at org.testng.remote.RemoteTestNG.main(RemoteTestNG.java:77)
]]>
    </failure>
  </testcase> <!-- flipkartTest -->
</testsuite> <!-- Default test -->
