<?xml version="1.0" encoding="UTF-8"?>
<testsuite xmlns:xsi="http://www.w3.org/2001/XMLSchema-instance" xsi:noNamespaceSchemaLocation="https://maven.apache.org/surefire/maven-surefire-plugin/xsd/surefire-test-report-3.0.xsd" version="3.0" name="testRunner.TestRunner" time="26.856" tests="3" errors="0" skipped="0" failures="0">
  <properties>
[...]
</properties>
  <testcase name="runScenario[&quot;Verify user able to login with vaild credentials&quot;, &quot;Verify  Login functionality&quot;](1)" classname="testRunner.TestRunner" time="19.92">
    <system-out><![CDATA[
@tag1
Scenario: Verify user able to login with vaild credentials &amp#27;[90m# src/test/resources/feature/Parallel.feature:4&amp#27;[0m

@tag1
Scenario: Verify user not able to login without entering passowrd &amp#27;[90m# src/test/resources/feature/Parallel.feature:29&amp#27;[0m

@tag1
Scenario: Verify user able to login with invaild credentials &amp#27;[90m# src/test/resources/feature/Parallel.feature:18&amp#27;[0m
  &amp#27;[32mGiven &amp#27;[0m&amp#27;[32mUser launch the application&amp#27;[0m                        &amp#27;[90m# stepDefination.Login.user_launch_the_application()&amp#27;[0m
  &amp#27;[32mGiven &amp#27;[0m&amp#27;[32mUser launch the application&amp#27;[0m                          &amp#27;[90m# stepDefination.Login.user_launch_the_application()&amp#27;[0m
  &amp#27;[32mWhen &amp#27;[0m&amp#27;[32mUser enter username and password&amp#27;[0m                    &amp#27;[90m# stepDefination.Login.user_enter_username(io.cucumber.datatable.DataTable)&amp#27;[0m
    | deepak | admin123 |
  &amp#27;[32mWhen &amp#27;[0m&amp#27;[32mUser enter username and password&amp#27;[0m                    &amp#27;[90m# stepDefination.Login.user_enter_username(io.cucumber.datatable.DataTable)&amp#27;[0m
    | usernameCol | passwordCol |
    | deepak      | admin123    |
    | deepak2     | admin123    |
  &amp#27;[32mAnd &amp#27;[0m&amp#27;[32mUser click on login button&amp#27;[0m                           &amp#27;[90m# stepDefination.Login.user_click_on_login_button()&amp#27;[0m
  &amp#27;[32mThen &amp#27;[0m&amp#27;[32mUser verify Page title&amp#27;[0m                              &amp#27;[90m# stepDefination.Login.user_verify_page_title()&amp#27;[0m
]]></system-out>
    <system-err><![CDATA[SLF4J: Failed to load class "org.slf4j.impl.StaticLoggerBinder".
SLF4J: Defaulting to no-operation (NOP) logger implementation
SLF4J: See http://www.slf4j.org/codes.html#StaticLoggerBinder for further details.
Jan 28, 2024 12:39:28 AM org.openqa.selenium.devtools.CdpVersionFinder findNearestMatch
WARNING: Unable to find CDP implementation matching 120
Jan 28, 2024 12:39:28 AM org.openqa.selenium.chromium.ChromiumDriver lambda$new$5
WARNING: Unable to find version of CDP to use for 120.0.6099.225. You may need to include a dependency on a specific version of the CDP using something similar to `org.seleniumhq.selenium:selenium-devtools-v86:4.11.0` where the version ("v86") matches the version of the chromium-based browser you're using and the version number of the artifact is the same as Selenium's.
Jan 28, 2024 12:39:28 AM org.openqa.selenium.devtools.CdpVersionFinder findNearestMatch
WARNING: Unable to find CDP implementation matching 120
Jan 28, 2024 12:39:28 AM org.openqa.selenium.devtools.CdpVersionFinder findNearestMatch
WARNING: Unable to find CDP implementation matching 120
Jan 28, 2024 12:39:28 AM org.openqa.selenium.chromium.ChromiumDriver lambda$new$5
WARNING: Unable to find version of CDP to use for 120.0.6099.225. You may need to include a dependency on a specific version of the CDP using something similar to `org.seleniumhq.selenium:selenium-devtools-v86:4.11.0` where the version ("v86") matches the version of the chromium-based browser you're using and the version number of the artifact is the same as Selenium's.
Jan 28, 2024 12:39:28 AM org.openqa.selenium.chromium.ChromiumDriver lambda$new$5
WARNING: Unable to find version of CDP to use for 120.0.6099.225. You may need to include a dependency on a specific version of the CDP using something similar to `org.seleniumhq.selenium:selenium-devtools-v86:4.11.0` where the version ("v86") matches the version of the chromium-based browser you're using and the version number of the artifact is the same as Selenium's.
Jan 28, 2024 12:39:31 AM org.openqa.selenium.devtools.CdpVersionFinder findNearestMatch
WARNING: Unable to find CDP implementation matching 120
Jan 28, 2024 12:39:31 AM org.openqa.selenium.chromium.ChromiumDriver lambda$new$5
WARNING: Unable to find version of CDP to use for 120.0.6099.225. You may need to include a dependency on a specific version of the CDP using something similar to `org.seleniumhq.selenium:selenium-devtools-v86:4.11.0` where the version ("v86") matches the version of the chromium-based browser you're using and the version number of the artifact is the same as Selenium's.
Jan 28, 2024 12:39:38 AM org.openqa.selenium.devtools.CdpVersionFinder findNearestMatch
WARNING: Unable to find CDP implementation matching 120
Jan 28, 2024 12:39:38 AM org.openqa.selenium.chromium.ChromiumDriver lambda$new$5
WARNING: Unable to find version of CDP to use for 120.0.6099.225. You may need to include a dependency on a specific version of the CDP using something similar to `org.seleniumhq.selenium:selenium-devtools-v86:4.11.0` where the version ("v86") matches the version of the chromium-based browser you're using and the version number of the artifact is the same as Selenium's.
Jan 28, 2024 12:39:40 AM org.openqa.selenium.devtools.CdpVersionFinder findNearestMatch
WARNING: Unable to find CDP implementation matching 120
Jan 28, 2024 12:39:40 AM org.openqa.selenium.chromium.ChromiumDriver lambda$new$5
WARNING: Unable to find version of CDP to use for 120.0.6099.225. You may need to include a dependency on a specific version of the CDP using something similar to `org.seleniumhq.selenium:selenium-devtools-v86:4.11.0` where the version ("v86") matches the version of the chromium-based browser you're using and the version number of the artifact is the same as Selenium's.
]]></system-err>
  </testcase>
  <testcase name="runScenario[&quot;Verify user able to login with invaild credentials&quot;, &quot;Verify  Login functionality&quot;](2)" classname="testRunner.TestRunner" time="25.121">
    <system-out><![CDATA[  &amp#27;[32mGiven &amp#27;[0m&amp#27;[32mUser launch the application&amp#27;[0m                               &amp#27;[90m# stepDefination.Login.user_launch_the_application()&amp#27;[0m
  &amp#27;[32mWhen &amp#27;[0m&amp#27;[32mUser enter username and password as Maps&amp#27;[0m              &amp#27;[90m# stepDefination.Login.user_enter_username_as_Maps(io.cucumber.datatable.DataTable)&amp#27;[0m
    | usernameCol | passwordCol |
    | deepak      | admin123    |
    | deepak2     | admin123    |
  &amp#27;[32mAnd &amp#27;[0m&amp#27;[32mUser click on login button&amp#27;[0m                             &amp#27;[90m# stepDefination.Login.user_click_on_login_button()&amp#27;[0m
  &amp#27;[32mThen &amp#27;[0m&amp#27;[32mUser verify Page title&amp#27;[0m                                &amp#27;[90m# stepDefination.Login.user_verify_page_title()&amp#27;[0m
]]></system-out>
  </testcase>
  <testcase name="runScenario[&quot;Verify user not able to login without entering passowrd&quot;, &quot;Verify  Login functionality&quot;](3)" classname="testRunner.TestRunner" time="25.707">
    <system-out><![CDATA[  &amp#27;[32mWhen &amp#27;[0m&amp#27;[32mUser enter username and password as Maps&amp#27;[0m                   &amp#27;[90m# stepDefination.Login.user_enter_username_as_Maps(io.cucumber.datatable.DataTable)&amp#27;[0m
    | usernameCol | passwordCol |
    | deepak      | admin123    |
    | deepak2     | admin123    |
  &amp#27;[32mAnd &amp#27;[0m&amp#27;[32mUser click on login button&amp#27;[0m                                  &amp#27;[90m# stepDefination.Login.user_click_on_login_button()&amp#27;[0m
  &amp#27;[32mThen &amp#27;[0m&amp#27;[32mUser verify Page title&amp#27;[0m                                     &amp#27;[90m# stepDefination.Login.user_verify_page_title()&amp#27;[0m
]]></system-out>
  </testcase>
</testsuite>