<?xml version="1.0" encoding="UTF-8"?>
<testng-results ignored="0" total="3" passed="3" failed="0" skipped="0">
  <reporter-output>
  </reporter-output>
  <suite started-at="2024-01-28T00:39:24 IST" name="Surefire suite" finished-at="2024-01-28T00:39:50 IST" duration-ms="26272">
    <groups>
      <group name="cucumber">
        <method signature="AbstractTestNGCucumberTests.runScenario(io.cucumber.testng.PickleWrapper,io.cucumber.testng.FeatureWrapper)[pri:0, instance:testRunner.TestRunner@74751b3]" name="runScenario" class="io.cucumber.testng.AbstractTestNGCucumberTests"/>
      </group> <!-- cucumber -->
    </groups>
    <test started-at="2024-01-28T00:39:24 IST" name="Surefire test" finished-at="2024-01-28T00:39:50 IST" duration-ms="26272">
      <class name="testRunner.TestRunner">
        <test-method is-config="true" signature="setUpClass(org.testng.ITestContext)[pri:0, instance:testRunner.TestRunner@74751b3]" started-at="2024-01-28T00:39:24 IST" name="setUpClass" finished-at="2024-01-28T00:39:24 IST" duration-ms="463" status="PASS">
          <params>
            <param index="0">
              <value>
                <![CDATA[org.testng.TestRunner@76494737]]>
              </value>
            </param>
          </params>
          <reporter-output>
          </reporter-output>
        </test-method> <!-- setUpClass -->
        <test-method signature="runScenario(io.cucumber.testng.PickleWrapper,io.cucumber.testng.FeatureWrapper)[pri:0, instance:testRunner.TestRunner@74751b3]" started-at="2024-01-28T00:39:24 IST" name="runScenario" description="Runs Cucumber Scenarios" data-provider="scenarios" finished-at="2024-01-28T00:39:49 IST" duration-ms="25122" status="PASS">
          <params>
            <param index="0">
              <value>
                <![CDATA["Verify user able to login with invaild credentials"]]>
              </value>
            </param>
            <param index="1">
              <value>
                <![CDATA["Verify  Login functionality"]]>
              </value>
            </param>
          </params>
          <reporter-output>
          </reporter-output>
        </test-method> <!-- runScenario -->
        <test-method signature="runScenario(io.cucumber.testng.PickleWrapper,io.cucumber.testng.FeatureWrapper)[pri:0, instance:testRunner.TestRunner@74751b3]" started-at="2024-01-28T00:39:24 IST" name="runScenario" description="Runs Cucumber Scenarios" data-provider="scenarios" finished-at="2024-01-28T00:39:50 IST" duration-ms="25708" status="PASS">
          <params>
            <param index="0">
              <value>
                <![CDATA["Verify user not able to login without entering passowrd"]]>
              </value>
            </param>
            <param index="1">
              <value>
                <![CDATA["Verify  Login functionality"]]>
              </value>
            </param>
          </params>
          <reporter-output>
          </reporter-output>
        </test-method> <!-- runScenario -->
        <test-method signature="runScenario(io.cucumber.testng.PickleWrapper,io.cucumber.testng.FeatureWrapper)[pri:0, instance:testRunner.TestRunner@74751b3]" started-at="2024-01-28T00:39:24 IST" name="runScenario" description="Runs Cucumber Scenarios" data-provider="scenarios" finished-at="2024-01-28T00:39:44 IST" duration-ms="19917" status="PASS">
          <params>
            <param index="0">
              <value>
                <![CDATA["Verify user able to login with vaild credentials"]]>
              </value>
            </param>
            <param index="1">
              <value>
                <![CDATA["Verify  Login functionality"]]>
              </value>
            </param>
          </params>
          <reporter-output>
          </reporter-output>
        </test-method> <!-- runScenario -->
        <test-method is-config="true" signature="tearDownClass()[pri:0, instance:testRunner.TestRunner@74751b3]" started-at="2024-01-28T00:39:50 IST" name="tearDownClass" finished-at="2024-01-28T00:39:50 IST" duration-ms="72" status="PASS">
          <reporter-output>
          </reporter-output>
        </test-method> <!-- tearDownClass -->
      </class> <!-- testRunner.TestRunner -->
    </test> <!-- Surefire test -->
  </suite> <!-- Surefire suite -->
</testng-results>
